2024-08-10 05:43:02 [INFO]: Connected to Database
2024-08-10 05:43:02 [INFO]: Server is now listening on 5000
2024-08-10 05:44:25 [INFO]: Connected to Database
2024-08-10 05:44:25 [INFO]: Server is now listening on 5000
2024-08-10 05:45:23 [INFO]: Connected to Database
2024-08-10 05:45:23 [INFO]: This is a test log message
2024-08-10 05:45:23 [INFO]: Server is now listening on 5000
2024-08-10 05:45:31 [INFO]: Connected to Database
2024-08-10 05:45:31 [INFO]: This is a test log message
2024-08-10 05:45:31 [INFO]: Server is now listening on 5000
2024-08-10 05:48:23 [INFO]: Connected to Database
2024-08-10 05:48:23 [INFO]: This is a test log message
2024-08-10 05:48:23 [INFO]: Server is now listening on 5000
2024-08-10 05:48:47 [INFO]: Connected to Database
2024-08-10 05:48:47 [INFO]: Server is now listening on 5000
2024-08-10 05:51:12 [INFO]: Connected to Database
2024-08-10 05:51:12 [INFO]: Server is now listening on 5000
2024-08-10 05:51:22 [INFO]: Connected to Database
2024-08-10 05:51:22 [INFO]: Server is now listening on 5000
2024-08-10 05:52:31 [INFO]: Connected to Database
2024-08-10 05:52:31 [INFO]: Server is now listening on 5000
2024-08-10 05:52:37 [INFO]: Connected to Database
2024-08-10 05:52:37 [INFO]: Server is now listening on 5000
2024-08-10 05:52:59 [INFO]: Connected to Database
2024-08-10 05:52:59 [INFO]: Server is now listening on 5000
2024-08-10 05:53:10 [INFO]: User login attempt:
2024-08-10 05:53:10 [INFO]: User logged in successfully: jjaviendemonteverde@gmail.com
2024-08-10 06:11:38 [INFO]: Connected to Database
2024-08-10 06:11:38 [INFO]: Server is now listening on 5000
2024-08-10 06:12:04 [INFO]: Connected to Database
2024-08-10 06:12:04 [INFO]: Server is now listening on 5000
2024-08-10 06:12:45 [INFO]: Connected to Database
2024-08-10 06:12:45 [INFO]: Server is now listening on 5000
2024-08-10 06:12:47 [INFO]: Connected to Database
2024-08-10 06:12:47 [INFO]: Server is now listening on 5000
2024-08-10 06:13:09 [INFO]: Connected to Database
2024-08-10 06:13:09 [INFO]: Server is now listening on 5000
2024-08-10 06:14:26 [INFO]: User login attempt:
2024-08-10 06:14:26 [INFO]: User logged in successfully: jjaviendemonteverde@gmail.com
2024-08-10 06:14:26 [ERROR]: Error logging in user:
2024-08-10 06:14:50 [INFO]: User login attempt:
2024-08-10 06:14:50 [INFO]: User logged in successfully: jjaviendemonteverde@gmail.com
2024-08-10 06:14:50 [ERROR]: Error logging in user:
2024-08-10 06:15:54 [INFO]: Connected to Database
2024-08-10 06:15:54 [INFO]: Server is now listening on 5000
2024-08-10 06:16:05 [INFO]: User login attempt:
2024-08-10 06:16:05 [ERROR]: Error logging in user:
2024-08-10 06:16:26 [INFO]: Connected to Database
2024-08-10 06:16:26 [INFO]: Server is now listening on 5000
2024-08-10 06:16:27 [INFO]: User login attempt:
2024-08-10 06:16:27 [ERROR]: Error logging in user: secretOrPrivateKey must have a value
2024-08-10 06:17:17 [INFO]: Connected to Database
2024-08-10 06:17:17 [INFO]: Server is now listening on 5000
2024-08-10 06:17:23 [INFO]: Connected to Database
2024-08-10 06:17:23 [INFO]: Server is now listening on 5000
2024-08-10 06:17:31 [INFO]: Connected to Database
2024-08-10 06:17:31 [INFO]: Server is now listening on 5000
2024-08-10 06:17:35 [INFO]: Connected to Database
2024-08-10 06:17:35 [INFO]: Server is now listening on 5000
2024-08-10 06:17:44 [INFO]: Connected to Database
2024-08-10 06:17:44 [INFO]: Server is now listening on 5000
2024-08-10 06:17:46 [INFO]: User login attempt:
2024-08-10 06:17:46 [INFO]: User logged in successfully: jjaviendemonteverde@gmail.com
2024-08-10 06:21:10 [INFO]: User login attempt:
2024-08-10 06:21:10 [INFO]: User logged in successfully: jjaviendemonteverde@gmail.com
2024-08-10 06:21:12 [INFO]: User login attempt:
2024-08-10 06:21:12 [INFO]: User logged in successfully: jjaviendemonteverde@gmail.com
2024-08-10 06:21:23 [INFO]: User login attempt:
2024-08-10 06:21:23 [INFO]: User logged in successfully: jjaviendemonteverde@gmail.com
2024-08-10 06:21:41 [INFO]: User login attempt:
2024-08-10 06:21:41 [INFO]: User logged in successfully: jjaviendemonteverde@gmail.com
2024-08-10 06:21:42 [INFO]: User login attempt:
2024-08-10 06:21:42 [INFO]: User logged in successfully: jjaviendemonteverde@gmail.com
2024-08-10 06:21:42 [INFO]: User login attempt:
2024-08-10 06:21:43 [INFO]: User logged in successfully: jjaviendemonteverde@gmail.com
2024-08-10 06:21:43 [INFO]: User login attempt:
2024-08-10 06:21:43 [INFO]: User logged in successfully: jjaviendemonteverde@gmail.com
2024-08-10 06:22:16 [INFO]: User login attempt:
2024-08-10 06:22:16 [INFO]: User logged in successfully: jjaviendemonteverde@gmail.com
2024-08-10 06:22:30 [INFO]: User login attempt:
2024-08-10 06:22:30 [INFO]: User logged in successfully: jjaviendemonteverde@gmail.com
2024-08-10 06:25:04 [INFO]: User login attempt:
2024-08-10 06:25:04 [INFO]: User logged in successfully: jjaviendemonteverde@gmail.com
2024-08-10 06:26:16 [INFO]: Connected to Database
2024-08-10 06:26:16 [INFO]: Server is now listening on 5000
2024-08-10 06:27:49 [INFO]: Connected to Database
2024-08-10 06:27:49 [INFO]: Server is now listening on 5000
2024-08-10 06:29:49 [INFO]: Connected to Database
2024-08-10 06:29:49 [INFO]: Server is now listening on 5000
2024-08-10 06:30:16 [INFO]: Connected to Database
2024-08-10 06:30:16 [INFO]: Server is now listening on 5000
2024-08-10 06:31:00 [INFO]: Connected to Database
2024-08-10 06:31:00 [INFO]: Server is now listening on 5000
2024-08-10 06:31:37 [INFO]: Connected to Database
2024-08-10 06:31:37 [INFO]: Server is now listening on 5000
2024-08-10 06:33:30 [INFO]: Connected to Database
2024-08-10 06:33:30 [INFO]: Server is now listening on 5000
2024-08-10 06:41:13 [INFO]: User login attempt:
2024-08-10 06:41:13 [INFO]: User logged in successfully: jjaviendemonteverde@gmail.com
